<?xml version="1.0" encoding="UTF-8"?>
<robot generator="Robot 3.2.2 (Python 3.7.6 on darwin)" generated="20210209 16:08:23.659" rpa="false">
<suite id="s1" name="Example01 Open Android App" source="/Users/vanut/Desktop/All Project/PIP_Robot_Mobile/Example01_Open_Android_App.robot">
<test id="s1-t1" name="Open Android app">
<kw name="Open Application Android">
<kw name="Open Application" library="AppiumLibrary">
<doc>Opens a new application to given Appium server.
Capabilities of appium server, Android and iOS,
Please check https://github.com/appium/appium/blob/master/docs/en/writing-running-appium/server-args.md
| *Option*            | *Man.* | *Description*     |
| remote_url          | Yes    | Appium server url |
| alias               | no     | alias             |</doc>
<arguments>
<arg>${REMOTE_URL}</arg>
<arg>platformName=${PLATFORM_NAME_ANDROID}</arg>
<arg>deviceName=${DEVICE_NAME_ANDROID}</arg>
<arg>app=${APP_ANDROID}</arg>
<arg>automationName=${AUTOMATION_NAME}</arg>
</arguments>
<status status="PASS" starttime="20210209 16:08:24.057" endtime="20210209 16:08:42.588"></status>
</kw>
<status status="PASS" starttime="20210209 16:08:24.041" endtime="20210209 16:08:42.589"></status>
</kw>
<status status="PASS" starttime="20210209 16:08:24.031" endtime="20210209 16:08:42.590" critical="yes"></status>
</test>
<test id="s1-t2" name="TEST_CASE Scroll to View">
<kw name="Wait Until Element Is Visible" library="AppiumLibrary">
<doc>Waits until element specified with `locator` is visible.</doc>
<arguments>
<arg>accessibility_id=Views</arg>
</arguments>
<status status="PASS" starttime="20210209 16:08:42.592" endtime="20210209 16:08:42.816"></status>
</kw>
<kw name="Click Element" library="AppiumLibrary">
<doc>Click element identified by `locator`.</doc>
<arguments>
<arg>accessibility_id=Views</arg>
</arguments>
<msg timestamp="20210209 16:08:42.819" level="INFO">Clicking element 'accessibility_id=Views'.</msg>
<status status="PASS" starttime="20210209 16:08:42.817" endtime="20210209 16:08:43.947"></status>
</kw>
<kw name="IF_ELSE_CONDITION">
<kw name="${i} IN RANGE [ 0 | 10 ]" type="for">
<kw name="${i} = 0" type="foritem">
<kw name="Run Keyword And Return Status" library="BuiltIn">
<doc>Runs the given keyword with given arguments and returns the status as a Boolean value.</doc>
<arguments>
<arg>Element Should Be Visible</arg>
<arg>accessibility_id=ScrollBars</arg>
</arguments>
<assign>
<var>${CHECK_ELEMENT}</var>
</assign>
<kw name="Element Should Be Visible" library="AppiumLibrary">
<doc>Verifies that element identified with locator is visible.</doc>
<arguments>
<arg>accessibility_id=ScrollBars</arg>
</arguments>
<kw name="Capture Page Screenshot" library="AppiumLibrary">
<doc>Takes a screenshot of the current page and embeds it into the log.</doc>
<msg timestamp="20210209 16:08:45.864" level="INFO" html="yes">&lt;/td&gt;&lt;/tr&gt;&lt;tr&gt;&lt;td colspan="3"&gt;&lt;a href="appium-screenshot-1.png"&gt;&lt;img src="appium-screenshot-1.png" width="800px"&gt;&lt;/a&gt;</msg>
<status status="PASS" starttime="20210209 16:08:44.594" endtime="20210209 16:08:45.864"></status>
</kw>
<msg timestamp="20210209 16:08:45.867" level="FAIL">ValueError: Element locator 'accessibility_id=ScrollBars' did not match any elements.</msg>
<status status="FAIL" starttime="20210209 16:08:43.949" endtime="20210209 16:08:45.867"></status>
</kw>
<msg timestamp="20210209 16:08:45.867" level="INFO">${CHECK_ELEMENT} = False</msg>
<status status="PASS" starttime="20210209 16:08:43.949" endtime="20210209 16:08:45.867"></status>
</kw>
<kw name="Run Keyword If" library="BuiltIn">
<doc>Runs the given keyword with the given arguments, if ``condition`` is true.</doc>
<arguments>
<arg>${CHECK_ELEMENT} == True</arg>
<arg>Run Keywords</arg>
<arg>Wait Until Keyword Succeeds</arg>
<arg>3x</arg>
<arg>3s</arg>
<arg>Click Element</arg>
<arg>accessibility_id=ScrollBars</arg>
<arg>AND</arg>
<arg>Exit For Loop</arg>
<arg>ELSE</arg>
<arg>Swipe By Percent</arg>
<arg>50</arg>
<arg>90</arg>
<arg>20</arg>
<arg>50</arg>
</arguments>
<kw name="Swipe By Percent" library="AppiumLibrary">
<doc>Swipe from one percent of the screen to another percent, for an optional duration.
Normal swipe fails to scale for different screen resolutions, this can be avoided using percent.</doc>
<arguments>
<arg>50</arg>
<arg>90</arg>
<arg>20</arg>
<arg>50</arg>
</arguments>
<status status="PASS" starttime="20210209 16:08:45.868" endtime="20210209 16:08:49.075"></status>
</kw>
<status status="PASS" starttime="20210209 16:08:45.867" endtime="20210209 16:08:49.076"></status>
</kw>
<status status="PASS" starttime="20210209 16:08:43.948" endtime="20210209 16:08:49.076"></status>
</kw>
<kw name="${i} = 1" type="foritem">
<kw name="Run Keyword And Return Status" library="BuiltIn">
<doc>Runs the given keyword with given arguments and returns the status as a Boolean value.</doc>
<arguments>
<arg>Element Should Be Visible</arg>
<arg>accessibility_id=ScrollBars</arg>
</arguments>
<assign>
<var>${CHECK_ELEMENT}</var>
</assign>
<kw name="Element Should Be Visible" library="AppiumLibrary">
<doc>Verifies that element identified with locator is visible.</doc>
<arguments>
<arg>accessibility_id=ScrollBars</arg>
</arguments>
<kw name="Capture Page Screenshot" library="AppiumLibrary">
<doc>Takes a screenshot of the current page and embeds it into the log.</doc>
<msg timestamp="20210209 16:08:49.585" level="INFO" html="yes">&lt;/td&gt;&lt;/tr&gt;&lt;tr&gt;&lt;td colspan="3"&gt;&lt;a href="appium-screenshot-2.png"&gt;&lt;img src="appium-screenshot-2.png" width="800px"&gt;&lt;/a&gt;</msg>
<status status="PASS" starttime="20210209 16:08:49.137" endtime="20210209 16:08:49.586"></status>
</kw>
<msg timestamp="20210209 16:08:49.586" level="FAIL">ValueError: Element locator 'accessibility_id=ScrollBars' did not match any elements.</msg>
<status status="FAIL" starttime="20210209 16:08:49.076" endtime="20210209 16:08:49.586"></status>
</kw>
<msg timestamp="20210209 16:08:49.586" level="INFO">${CHECK_ELEMENT} = False</msg>
<status status="PASS" starttime="20210209 16:08:49.076" endtime="20210209 16:08:49.586"></status>
</kw>
<kw name="Run Keyword If" library="BuiltIn">
<doc>Runs the given keyword with the given arguments, if ``condition`` is true.</doc>
<arguments>
<arg>${CHECK_ELEMENT} == True</arg>
<arg>Run Keywords</arg>
<arg>Wait Until Keyword Succeeds</arg>
<arg>3x</arg>
<arg>3s</arg>
<arg>Click Element</arg>
<arg>accessibility_id=ScrollBars</arg>
<arg>AND</arg>
<arg>Exit For Loop</arg>
<arg>ELSE</arg>
<arg>Swipe By Percent</arg>
<arg>50</arg>
<arg>90</arg>
<arg>20</arg>
<arg>50</arg>
</arguments>
<kw name="Swipe By Percent" library="AppiumLibrary">
<doc>Swipe from one percent of the screen to another percent, for an optional duration.
Normal swipe fails to scale for different screen resolutions, this can be avoided using percent.</doc>
<arguments>
<arg>50</arg>
<arg>90</arg>
<arg>20</arg>
<arg>50</arg>
</arguments>
<status status="PASS" starttime="20210209 16:08:49.587" endtime="20210209 16:08:51.554"></status>
</kw>
<status status="PASS" starttime="20210209 16:08:49.586" endtime="20210209 16:08:51.554"></status>
</kw>
<status status="PASS" starttime="20210209 16:08:49.076" endtime="20210209 16:08:51.554"></status>
</kw>
<kw name="${i} = 2" type="foritem">
<kw name="Run Keyword And Return Status" library="BuiltIn">
<doc>Runs the given keyword with given arguments and returns the status as a Boolean value.</doc>
<arguments>
<arg>Element Should Be Visible</arg>
<arg>accessibility_id=ScrollBars</arg>
</arguments>
<assign>
<var>${CHECK_ELEMENT}</var>
</assign>
<kw name="Element Should Be Visible" library="AppiumLibrary">
<doc>Verifies that element identified with locator is visible.</doc>
<arguments>
<arg>accessibility_id=ScrollBars</arg>
</arguments>
<kw name="Capture Page Screenshot" library="AppiumLibrary">
<doc>Takes a screenshot of the current page and embeds it into the log.</doc>
<msg timestamp="20210209 16:08:52.119" level="INFO" html="yes">&lt;/td&gt;&lt;/tr&gt;&lt;tr&gt;&lt;td colspan="3"&gt;&lt;a href="appium-screenshot-3.png"&gt;&lt;img src="appium-screenshot-3.png" width="800px"&gt;&lt;/a&gt;</msg>
<status status="PASS" starttime="20210209 16:08:51.706" endtime="20210209 16:08:52.119"></status>
</kw>
<msg timestamp="20210209 16:08:52.120" level="FAIL">ValueError: Element locator 'accessibility_id=ScrollBars' did not match any elements.</msg>
<status status="FAIL" starttime="20210209 16:08:51.555" endtime="20210209 16:08:52.120"></status>
</kw>
<msg timestamp="20210209 16:08:52.120" level="INFO">${CHECK_ELEMENT} = False</msg>
<status status="PASS" starttime="20210209 16:08:51.554" endtime="20210209 16:08:52.120"></status>
</kw>
<kw name="Run Keyword If" library="BuiltIn">
<doc>Runs the given keyword with the given arguments, if ``condition`` is true.</doc>
<arguments>
<arg>${CHECK_ELEMENT} == True</arg>
<arg>Run Keywords</arg>
<arg>Wait Until Keyword Succeeds</arg>
<arg>3x</arg>
<arg>3s</arg>
<arg>Click Element</arg>
<arg>accessibility_id=ScrollBars</arg>
<arg>AND</arg>
<arg>Exit For Loop</arg>
<arg>ELSE</arg>
<arg>Swipe By Percent</arg>
<arg>50</arg>
<arg>90</arg>
<arg>20</arg>
<arg>50</arg>
</arguments>
<kw name="Swipe By Percent" library="AppiumLibrary">
<doc>Swipe from one percent of the screen to another percent, for an optional duration.
Normal swipe fails to scale for different screen resolutions, this can be avoided using percent.</doc>
<arguments>
<arg>50</arg>
<arg>90</arg>
<arg>20</arg>
<arg>50</arg>
</arguments>
<status status="PASS" starttime="20210209 16:08:52.122" endtime="20210209 16:08:54.490"></status>
</kw>
<status status="PASS" starttime="20210209 16:08:52.121" endtime="20210209 16:08:54.490"></status>
</kw>
<status status="PASS" starttime="20210209 16:08:51.554" endtime="20210209 16:08:54.490"></status>
</kw>
<kw name="${i} = 3" type="foritem">
<kw name="Run Keyword And Return Status" library="BuiltIn">
<doc>Runs the given keyword with given arguments and returns the status as a Boolean value.</doc>
<arguments>
<arg>Element Should Be Visible</arg>
<arg>accessibility_id=ScrollBars</arg>
</arguments>
<assign>
<var>${CHECK_ELEMENT}</var>
</assign>
<kw name="Element Should Be Visible" library="AppiumLibrary">
<doc>Verifies that element identified with locator is visible.</doc>
<arguments>
<arg>accessibility_id=ScrollBars</arg>
</arguments>
<status status="PASS" starttime="20210209 16:08:54.490" endtime="20210209 16:08:54.748"></status>
</kw>
<msg timestamp="20210209 16:08:54.748" level="INFO">${CHECK_ELEMENT} = True</msg>
<status status="PASS" starttime="20210209 16:08:54.490" endtime="20210209 16:08:54.748"></status>
</kw>
<kw name="Run Keyword If" library="BuiltIn">
<doc>Runs the given keyword with the given arguments, if ``condition`` is true.</doc>
<arguments>
<arg>${CHECK_ELEMENT} == True</arg>
<arg>Run Keywords</arg>
<arg>Wait Until Keyword Succeeds</arg>
<arg>3x</arg>
<arg>3s</arg>
<arg>Click Element</arg>
<arg>accessibility_id=ScrollBars</arg>
<arg>AND</arg>
<arg>Exit For Loop</arg>
<arg>ELSE</arg>
<arg>Swipe By Percent</arg>
<arg>50</arg>
<arg>90</arg>
<arg>20</arg>
<arg>50</arg>
</arguments>
<kw name="Run Keywords" library="BuiltIn">
<doc>Executes all the given keywords in a sequence.</doc>
<arguments>
<arg>Wait Until Keyword Succeeds</arg>
<arg>3x</arg>
<arg>3s</arg>
<arg>Click Element</arg>
<arg>accessibility_id=ScrollBars</arg>
<arg>AND</arg>
<arg>Exit For Loop</arg>
</arguments>
<kw name="Wait Until Keyword Succeeds" library="BuiltIn">
<doc>Runs the specified keyword and retries if it fails.</doc>
<arguments>
<arg>3x</arg>
<arg>3s</arg>
<arg>Click Element</arg>
<arg>accessibility_id=ScrollBars</arg>
</arguments>
<kw name="Click Element" library="AppiumLibrary">
<doc>Click element identified by `locator`.</doc>
<arguments>
<arg>accessibility_id=ScrollBars</arg>
</arguments>
<msg timestamp="20210209 16:08:54.752" level="INFO">Clicking element 'accessibility_id=ScrollBars'.</msg>
<status status="PASS" starttime="20210209 16:08:54.750" endtime="20210209 16:08:54.845"></status>
</kw>
<status status="PASS" starttime="20210209 16:08:54.750" endtime="20210209 16:08:54.845"></status>
</kw>
<kw name="Exit For Loop" library="BuiltIn">
<doc>Stops executing the enclosing for loop.</doc>
<msg timestamp="20210209 16:08:54.846" level="INFO">Exiting for loop altogether.</msg>
<status status="PASS" starttime="20210209 16:08:54.845" endtime="20210209 16:08:54.846"></status>
</kw>
<status status="PASS" starttime="20210209 16:08:54.749" endtime="20210209 16:08:54.846"></status>
</kw>
<status status="PASS" starttime="20210209 16:08:54.749" endtime="20210209 16:08:54.846"></status>
</kw>
<status status="PASS" starttime="20210209 16:08:54.490" endtime="20210209 16:08:54.846"></status>
</kw>
<status status="PASS" starttime="20210209 16:08:43.948" endtime="20210209 16:08:54.846"></status>
</kw>
<status status="PASS" starttime="20210209 16:08:43.947" endtime="20210209 16:08:54.846"></status>
</kw>
<status status="PASS" starttime="20210209 16:08:42.591" endtime="20210209 16:08:54.846" critical="yes"></status>
</test>
<test id="s1-t3" name="Close Application">
<kw name="Close All Application">
<kw name="Close All Applications" library="AppiumLibrary">
<doc>Closes all open applications.</doc>
<status status="PASS" starttime="20210209 16:08:54.848" endtime="20210209 16:08:58.092"></status>
</kw>
<status status="PASS" starttime="20210209 16:08:54.847" endtime="20210209 16:08:58.092"></status>
</kw>
<status status="PASS" starttime="20210209 16:08:54.847" endtime="20210209 16:08:58.092" critical="yes"></status>
</test>
<status status="PASS" starttime="20210209 16:08:23.661" endtime="20210209 16:08:58.095"></status>
</suite>
<statistics>
<total>
<stat pass="3" fail="0">Critical Tests</stat>
<stat pass="3" fail="0">All Tests</stat>
</total>
<tag>
</tag>
<suite>
<stat pass="3" fail="0" id="s1" name="Example01 Open Android App">Example01 Open Android App</stat>
</suite>
</statistics>
<errors>
</errors>
</robot>
